[ 2015-04-03T05:37:10+08:00 ] 222.186.21.44 /login.action
INFO: [ app_init ] --START--
INFO: Run Behavior\BuildLiteBehavior [ RunTime:0.000018s ]
INFO: [ app_init ] --END-- [ RunTime:0.000107s ]
ERR: 无法加载模块:Login

[ 2015-04-03T05:37:12+08:00 ] 222.186.21.44 /unAuthorizedAccess.action
INFO: [ app_init ] --START--
INFO: Run Behavior\BuildLiteBehavior [ RunTime:0.000013s ]
INFO: [ app_init ] --END-- [ RunTime:0.000090s ]
ERR: 无法加载模块:UnAuthorizedAccess

[ 2015-04-03T22:01:14+08:00 ] 222.186.21.44 /index.action
INFO: [ app_init ] --START--
INFO: Run Behavior\BuildLiteBehavior [ RunTime:0.000013s ]
INFO: [ app_init ] --END-- [ RunTime:0.000106s ]
ERR: 无法加载模块:Index

[ 2015-04-03T22:01:14+08:00 ] 222.186.21.44 /unAuthorizedAccess.action
INFO: [ app_init ] --START--
INFO: Run Behavior\BuildLiteBehavior [ RunTime:0.000013s ]
INFO: [ app_init ] --END-- [ RunTime:0.000088s ]
ERR: 无法加载模块:UnAuthorizedAccess

