[ 2015-06-18T03:52:22+08:00 ] 222.186.21.101 /loginAction.action
INFO: [ app_init ] --START--
INFO: Run Behavior\BuildLiteBehavior [ RunTime:0.000022s ]
INFO: [ app_init ] --END-- [ RunTime:0.000098s ]
ERR: 无法加载模块:LoginAction

[ 2015-06-18T03:52:25+08:00 ] 222.186.21.101 /loginAction.action
INFO: [ app_init ] --START--
INFO: Run Behavior\BuildLiteBehavior [ RunTime:0.000015s ]
INFO: [ app_init ] --END-- [ RunTime:0.000107s ]
ERR: 无法加载模块:LoginAction

[ 2015-06-18T09:42:08+08:00 ] 222.186.21.101 /loginAction.action
INFO: [ app_init ] --START--
INFO: Run Behavior\BuildLiteBehavior [ RunTime:0.000012s ]
INFO: [ app_init ] --END-- [ RunTime:0.000086s ]
ERR: 无法加载模块:LoginAction

[ 2015-06-18T09:42:10+08:00 ] 222.186.21.101 /loginAction.action
INFO: [ app_init ] --START--
INFO: Run Behavior\BuildLiteBehavior [ RunTime:0.000018s ]
INFO: [ app_init ] --END-- [ RunTime:0.000125s ]
ERR: 无法加载模块:LoginAction

[ 2015-06-18T22:34:46+08:00 ] 94.102.49.169 /PSIA/Custom/SelfExt/userCheck
INFO: [ app_init ] --START--
INFO: Run Behavior\BuildLiteBehavior [ RunTime:0.000014s ]
INFO: [ app_init ] --END-- [ RunTime:0.000097s ]
ERR: 无法加载模块:PSIA

[ 2015-06-18T22:35:18+08:00 ] 94.102.49.169 /cgi/maker/ptcmd.cgi?cmd=;cat+/tmp/config/usr.ini
INFO: [ app_init ] --START--
INFO: Run Behavior\BuildLiteBehavior [ RunTime:0.000014s ]
INFO: [ app_init ] --END-- [ RunTime:0.000090s ]
ERR: 无法加载模块:Cgi

