[ 2015-03-11T02:59:15+08:00 ] 180.166.8.5 /cgi-bin/contact.cgi
INFO: [ app_init ] --START--
INFO: Run Behavior\BuildLiteBehavior [ RunTime:0.000013s ]
INFO: [ app_init ] --END-- [ RunTime:0.000085s ]
ERR: 无法加载模块:Cgi-bin

[ 2015-03-11T02:59:15+08:00 ] 180.166.8.5 /cgi-bin/env.cgi
INFO: [ app_init ] --START--
INFO: Run Behavior\BuildLiteBehavior [ RunTime:0.000013s ]
INFO: [ app_init ] --END-- [ RunTime:0.000086s ]
ERR: 无法加载模块:Cgi-bin

[ 2015-03-11T02:59:15+08:00 ] 180.166.8.5 /cgi-bin/forum.cgi
INFO: [ app_init ] --START--
INFO: Run Behavior\BuildLiteBehavior [ RunTime:0.000014s ]
INFO: [ app_init ] --END-- [ RunTime:0.000085s ]
ERR: 无法加载模块:Cgi-bin

[ 2015-03-11T02:59:16+08:00 ] 180.166.8.5 /cgi-bin/index.cgi
INFO: [ app_init ] --START--
INFO: Run Behavior\BuildLiteBehavior [ RunTime:0.000014s ]
INFO: [ app_init ] --END-- [ RunTime:0.000084s ]
ERR: 无法加载模块:Cgi-bin

[ 2015-03-11T02:59:22+08:00 ] 180.166.8.5 /cgi-bin/php
INFO: [ app_init ] --START--
INFO: Run Behavior\BuildLiteBehavior [ RunTime:0.000015s ]
INFO: [ app_init ] --END-- [ RunTime:0.000105s ]
ERR: 无法加载模块:Cgi-bin

[ 2015-03-11T02:59:23+08:00 ] 180.166.8.5 /cgi-bin/php5
INFO: [ app_init ] --START--
INFO: Run Behavior\BuildLiteBehavior [ RunTime:0.000014s ]
INFO: [ app_init ] --END-- [ RunTime:0.000086s ]
ERR: 无法加载模块:Cgi-bin

[ 2015-03-11T02:59:28+08:00 ] 180.166.8.5 /cgi-bin/sat-ir-web.pl
INFO: [ app_init ] --START--
INFO: Run Behavior\BuildLiteBehavior [ RunTime:0.000014s ]
INFO: [ app_init ] --END-- [ RunTime:0.000086s ]
ERR: 无法加载模块:Cgi-bin

[ 2015-03-11T02:59:32+08:00 ] 180.166.8.5 /cgi-bin/test.cgi
INFO: [ app_init ] --START--
INFO: Run Behavior\BuildLiteBehavior [ RunTime:0.000014s ]
INFO: [ app_init ] --END-- [ RunTime:0.000085s ]
ERR: 无法加载模块:Cgi-bin

[ 2015-03-11T02:59:32+08:00 ] 180.166.8.5 /cgi-bin/test.sh
INFO: [ app_init ] --START--
INFO: Run Behavior\BuildLiteBehavior [ RunTime:0.000019s ]
INFO: [ app_init ] --END-- [ RunTime:0.000118s ]
ERR: 无法加载模块:Cgi-bin

[ 2015-03-11T02:59:33+08:00 ] 180.166.8.5 /cgi-mod/index.cgi
INFO: [ app_init ] --START--
INFO: Run Behavior\BuildLiteBehavior [ RunTime:0.000014s ]
INFO: [ app_init ] --END-- [ RunTime:0.000093s ]
ERR: 无法加载模块:Cgi-mod

[ 2015-03-11T02:59:35+08:00 ] 180.166.8.5 /cgi-sys/entropysearch.cgi
INFO: [ app_init ] --START--
INFO: Run Behavior\BuildLiteBehavior [ RunTime:0.000020s ]
INFO: [ app_init ] --END-- [ RunTime:0.000116s ]
ERR: 无法加载模块:Cgi-sys

[ 2015-03-11T02:59:35+08:00 ] 180.166.8.5 /phppath/cgi_wrapper
INFO: [ app_init ] --START--
INFO: Run Behavior\BuildLiteBehavior [ RunTime:0.000021s ]
INFO: [ app_init ] --END-- [ RunTime:0.000124s ]
ERR: 无法加载模块:Phppath

